INFO     Running translator.
INFO     translator input: ['domain.pddl', 'problem.pddl']
INFO     translator arguments: []
INFO     translator time limit: None
INFO     translator memory limit: None
INFO     callstring: /scicore/soft/apps/Python/2.7.5-ictce-6.2.5/bin/python /infai/infai2/utils/lab/examples/data/lmcut/code-101a6886f2e4/builds/release32/bin/translate/translate.py domain.pddl problem.pddl
Parsing...
Parsing: [0.000s CPU, 0.709s wall-clock]
Normalizing task... [0.000s CPU, 0.000s wall-clock]
Instantiating...
Generating Datalog program... [0.000s CPU, 0.000s wall-clock]
Normalizing Datalog program...
Normalizing Datalog program: [0.000s CPU, 0.357s wall-clock]
Preparing model... [0.010s CPU, 0.001s wall-clock]
Generated 24 rules.
Computing model... [0.000s CPU, 0.003s wall-clock]
81 relevant atoms
60 auxiliary atoms
141 final queue length
180 total queue pushes
Completing instantiation... [0.000s CPU, 0.003s wall-clock]
Instantiating: [0.010s CPU, 0.365s wall-clock]
Computing fact groups...
Finding invariants...
10 initial candidates
Finding invariants: [0.000s CPU, 0.002s wall-clock]
Checking invariant weight... [0.000s CPU, 0.000s wall-clock]
Instantiating groups... [0.000s CPU, 0.000s wall-clock]
Collecting mutex groups... [0.000s CPU, 0.000s wall-clock]
Choosing groups...
0 uncovered facts
Choosing groups: [0.000s CPU, 0.000s wall-clock]
Building translation key... [0.000s CPU, 0.000s wall-clock]
Computing fact groups: [0.000s CPU, 0.004s wall-clock]
Building STRIPS to SAS dictionary... [0.000s CPU, 0.000s wall-clock]
Building dictionary for full mutex groups... [0.010s CPU, 0.000s wall-clock]
Building mutex information...
Building mutex information: [0.000s CPU, 0.000s wall-clock]
Translating task...
Processing axioms...
Simplifying axioms... [0.000s CPU, 0.000s wall-clock]
Processing axioms: [0.000s CPU, 0.000s wall-clock]
Translating task: [0.000s CPU, 0.003s wall-clock]
0 effect conditions simplified
0 implied preconditions added
Detecting unreachable propositions...
0 operators removed
0 axioms removed
3 propositions removed
Detecting unreachable propositions: [0.000s CPU, 0.002s wall-clock]
Translator variables: 7
Translator derived variables: 0
Translator facts: 24
Translator goal facts: 4
Translator mutex groups: 7
Translator total mutex groups size: 28
Translator operators: 34
Translator axioms: 0
Translator task size: 245
Translator peak memory: 175020 KB
Writing output... [0.000s CPU, 0.169s wall-clock]
Done! [0.020s CPU, 1.252s wall-clock]
INFO     Running preprocessor (release32).
INFO     preprocessor input: output.sas
INFO     preprocessor arguments: []
INFO     preprocessor time limit: None
INFO     preprocessor memory limit: None
INFO     callstring: /infai/infai2/utils/lab/examples/data/lmcut/code-101a6886f2e4/builds/release32/bin/preprocess < output.sas
Building causal graph...
The causal graph is not acyclic.
7 variables of 7 necessary
4 of 7 mutex groups necessary.
34 of 34 operators necessary.
0 of 0 axiom rules necessary.
Building domain transition graphs...
solveable in poly time 0
Building successor generator...
Preprocessor facts: 24
Preprocessor derived variables: 0
Preprocessor task size: 233
Writing output...
done
INFO     Running search (release32).
INFO     search input: output
INFO     search arguments: ['--search', 'astar(lmcut())']
INFO     search time limit: 1800s
INFO     search memory limit: 2048 MB
INFO     search executable: /infai/infai2/utils/lab/examples/data/lmcut/code-101a6886f2e4/builds/release32/bin/downward
INFO     callstring: /infai/infai2/utils/lab/examples/data/lmcut/code-101a6886f2e4/builds/release32/bin/downward --search 'astar(lmcut())' --internal-plan-file sas_plan < output
time limit 1800.00 -> (1800, 1801)
reading input... [t=0.000223999s]
done reading input! [t=0.000834829s]
packing state variables...done! [t=0.000848496s]
Variables: 7
Facts: 24
Bytes per state: 4
Building successor generator...done! [t=0.000900532s]
done initalizing global data [t=0.000904093s]
Conducting best first search with reopening closed nodes, (real) bound = 2147483647
Initializing landmark cut heuristic...
New best heuristic value for lmcut: 9
[g=0, 1 evaluated, 0 expanded, t=0.00123929s, 21672 KB]
f = 9 [1 evaluated, 0 expanded, t=0.0012933s, 21672 KB]
Initial heuristic value for lmcut: 9
New best heuristic value for lmcut: 7
[g=1, 3 evaluated, 1 expanded, t=0.00137142s, 21672 KB]
New best heuristic value for lmcut: 6
[g=3, 30 evaluated, 9 expanded, t=0.00173328s, 21672 KB]
New best heuristic value for lmcut: 5
[g=4, 31 evaluated, 10 expanded, t=0.00178753s, 21672 KB]
f = 10 [100 evaluated, 65 expanded, t=0.00257906s, 21672 KB]
f = 11 [134 evaluated, 92 expanded, t=0.00296463s, 21672 KB]
New best heuristic value for lmcut: 4
[g=7, 135 evaluated, 93 expanded, t=0.00301574s, 21672 KB]
New best heuristic value for lmcut: 3
[g=8, 136 evaluated, 94 expanded, t=0.00306133s, 21672 KB]
New best heuristic value for lmcut: 2
[g=9, 156 evaluated, 104 expanded, t=0.00328116s, 21672 KB]
New best heuristic value for lmcut: 1
[g=10, 157 evaluated, 105 expanded, t=0.00332452s, 21672 KB]
New best heuristic value for lmcut: 0
[g=11, 162 evaluated, 106 expanded, t=0.00339014s, 21672 KB]
Solution found!
Actual search time: 0.00209225s [t=0.0034259s]
pick ball1 rooma left (1)
pick ball2 rooma right (1)
move rooma roomb (1)
drop ball1 roomb left (1)
drop ball2 roomb right (1)
move roomb rooma (1)
pick ball3 rooma left (1)
pick ball4 rooma right (1)
move rooma roomb (1)
drop ball3 roomb left (1)
drop ball4 roomb right (1)
Plan length: 11 step(s).
Plan cost: 11
Expanded 107 state(s).
Reopened 0 state(s).
Evaluated 162 state(s).
Evaluations: 162
Generated 366 state(s).
Dead ends: 0 state(s).
Expanded until last jump: 92 state(s).
Reopened until last jump: 0 state(s).
Evaluated until last jump: 134 state(s).
Generated until last jump: 316 state(s).
Number of registered states: 162
Search time: 0.00227924s
Total time: 0.00342917s
Solution found.
Peak memory: 21672 KB
INFO     Running validate.
INFO     validate input: ['domain.pddl', 'problem.pddl', 'sas_plan']
INFO     validate arguments: []
INFO     validate time limit: None
INFO     validate memory limit: None
INFO     validate executable: /infai/infai2/utils/lab/examples/data/lmcut/code-101a6886f2e4/builds/release32/bin/validate
INFO     callstring: /infai/infai2/utils/lab/examples/data/lmcut/code-101a6886f2e4/builds/release32/bin/validate domain.pddl problem.pddl sas_plan
Checking plan: sas_plan
Plan executed successfully - checking goal
Plan valid
Final value: 11 

Successful plans:
Value: 11
 sas_plan 11 

Running single search parser
